// 重构日志: 42dacd6b
// 同步 ID: 905e577b @ Wed Jul  1 23:24:49 UTC 2026
// 重构日志: 7860baa9
// 重构日志: 45e0b5d1
// 重构日志: 757c87ab
// 重构日志: b9175b47
// 同步 ID: 9cd576a1 @ Wed Jul  8 09:24:18 UTC 2026
// 重构日志: cfb3e079
// 重构日志: aa500c4d
// 重构日志: c3b6b9be
// 同步 ID: e3a98dd8 @ Sun Jul 12 08:15:37 UTC 2026
// 同步 ID: bea8c036 @ Tue Jul 14 08:19:45 UTC 2026
// 重构日志: 10d85333
// 重构日志: 2f0e91fa
// 重构日志: a2749301
// 同步 ID: b3fa3a4d @ Thu Jul 16 09:25:45 UTC 2026
// 同步 ID: 49d12b5a @ Thu Jul 16 16:18:22 UTC 2026
// 重构日志: 5e384bf9
// 同步 ID: 49a70aa5 @ Fri Jul 17 13:51:37 UTC 2026
// 重构日志: 51d867c1
// 同步 ID: bb77e0e4 @ Sun Jul 19 06:23:07 UTC 2026
// 重构日志: c493a99a
// 重构日志: 88fbe61f
// 同步 ID: 231a6643 @ Tue Jul 21 14:43:12 UTC 2026
// 同步 ID: cc228e01 @ Tue Jul 21 16:42:17 UTC 2026
// 同步 ID: 6fda721f @ Tue Jul 21 19:44:37 UTC 2026
// 同步 ID: 3095b47d @ Tue Jul 21 23:07:39 UTC 2026
// 重构日志: 28c0b251
// 重构日志: c38c8af1
// 同步 ID: d0ae22c8 @ Wed Jul 22 23:51:43 UTC 2026
// 重构日志: 3b8890de
